<?xml version="1.0" encoding="UTF-8"?>
<!-- Generated by org.testng.reporters.JUnitXMLReporter -->
<testsuite hostname="Illya-PC" name="Default test" tests="6" failures="0" timestamp="20 Jun 2014 21:01:00 GMT" time="733.087" errors="0">
  <testcase name="testMKAdminEarningsPage" time="75.87" classname="com.example.test.MKAdminPagesLoggedInProd"/>
  <testcase name="testMKAdminInvitationsPage" time="69.978" classname="com.example.test.MKAdminPagesLoggedInProd"/>
  <testcase name="testMKAdminOOSKitsPage" time="77.383" classname="com.example.test.MKAdminPagesLoggedInProd"/>
  <testcase name="testMKAdminSubaffiliatesPage" time="73.222" classname="com.example.test.MKAdminPagesLoggedInProd"/>
  <testcase name="testMKAdminUsersPage" time="102.708" classname="com.example.test.MKAdminPagesLoggedInProd"/>
  <testcase name="testMKAdminWarnedKitsPage" time="85.739" classname="com.example.test.MKAdminPagesLoggedInProd"/>
</testsuite> <!-- Default test -->
