<?xml version="1.0" encoding="UTF-8"?>
<testng-results skipped="0" failed="0" total="6" passed="6">
  <reporter-output>
  </reporter-output>
  <suite name="Default suite" duration-ms="733087" started-at="2014-06-20T20:48:47Z" finished-at="2014-06-20T21:01:00Z">
    <groups>
    </groups>
    <test name="Default test" duration-ms="733087" started-at="2014-06-20T20:48:47Z" finished-at="2014-06-20T21:01:00Z">
      <class name="com.example.test.MKAdminPagesLoggedInProd">
        <test-method status="PASS" signature="setUp()[pri:0, instance:com.example.test.MKAdminPagesLoggedInProd@52df888a]" name="setUp" is-config="true" duration-ms="17024" started-at="2014-06-20T13:48:47Z" finished-at="2014-06-20T13:49:04Z">
          <reporter-output>
          </reporter-output>
        </test-method> <!-- setUp -->
        <test-method status="PASS" signature="testMKAdminEarningsPage()[pri:0, instance:com.example.test.MKAdminPagesLoggedInProd@52df888a]" name="testMKAdminEarningsPage" duration-ms="75870" started-at="2014-06-20T13:49:04Z" finished-at="2014-06-20T13:50:20Z">
          <reporter-output>
          </reporter-output>
        </test-method> <!-- testMKAdminEarningsPage -->
        <test-method status="PASS" signature="tearDown()[pri:0, instance:com.example.test.MKAdminPagesLoggedInProd@52df888a]" name="tearDown" is-config="true" duration-ms="28200" started-at="2014-06-20T13:50:20Z" finished-at="2014-06-20T13:50:48Z">
          <reporter-output>
          </reporter-output>
        </test-method> <!-- tearDown -->
        <test-method status="PASS" signature="setUp()[pri:0, instance:com.example.test.MKAdminPagesLoggedInProd@52df888a]" name="setUp" is-config="true" duration-ms="13235" started-at="2014-06-20T13:50:48Z" finished-at="2014-06-20T13:51:02Z">
          <reporter-output>
          </reporter-output>
        </test-method> <!-- setUp -->
        <test-method status="PASS" signature="testMKAdminInvitationsPage()[pri:0, instance:com.example.test.MKAdminPagesLoggedInProd@52df888a]" name="testMKAdminInvitationsPage" duration-ms="69978" started-at="2014-06-20T13:51:02Z" finished-at="2014-06-20T13:52:12Z">
          <reporter-output>
          </reporter-output>
        </test-method> <!-- testMKAdminInvitationsPage -->
        <test-method status="PASS" signature="tearDown()[pri:0, instance:com.example.test.MKAdminPagesLoggedInProd@52df888a]" name="tearDown" is-config="true" duration-ms="27822" started-at="2014-06-20T13:52:12Z" finished-at="2014-06-20T13:52:39Z">
          <reporter-output>
          </reporter-output>
        </test-method> <!-- tearDown -->
        <test-method status="PASS" signature="setUp()[pri:0, instance:com.example.test.MKAdminPagesLoggedInProd@52df888a]" name="setUp" is-config="true" duration-ms="12445" started-at="2014-06-20T13:52:40Z" finished-at="2014-06-20T13:52:52Z">
          <reporter-output>
          </reporter-output>
        </test-method> <!-- setUp -->
        <test-method status="PASS" signature="testMKAdminOOSKitsPage()[pri:0, instance:com.example.test.MKAdminPagesLoggedInProd@52df888a]" name="testMKAdminOOSKitsPage" duration-ms="77383" started-at="2014-06-20T13:52:52Z" finished-at="2014-06-20T13:54:09Z">
          <reporter-output>
          </reporter-output>
        </test-method> <!-- testMKAdminOOSKitsPage -->
        <test-method status="PASS" signature="tearDown()[pri:0, instance:com.example.test.MKAdminPagesLoggedInProd@52df888a]" name="tearDown" is-config="true" duration-ms="27375" started-at="2014-06-20T13:54:09Z" finished-at="2014-06-20T13:54:37Z">
          <reporter-output>
          </reporter-output>
        </test-method> <!-- tearDown -->
        <test-method status="PASS" signature="setUp()[pri:0, instance:com.example.test.MKAdminPagesLoggedInProd@52df888a]" name="setUp" is-config="true" duration-ms="12409" started-at="2014-06-20T13:54:37Z" finished-at="2014-06-20T13:54:49Z">
          <reporter-output>
          </reporter-output>
        </test-method> <!-- setUp -->
        <test-method status="PASS" signature="testMKAdminSubaffiliatesPage()[pri:0, instance:com.example.test.MKAdminPagesLoggedInProd@52df888a]" name="testMKAdminSubaffiliatesPage" duration-ms="73222" started-at="2014-06-20T13:54:49Z" finished-at="2014-06-20T13:56:02Z">
          <reporter-output>
          </reporter-output>
        </test-method> <!-- testMKAdminSubaffiliatesPage -->
        <test-method status="PASS" signature="tearDown()[pri:0, instance:com.example.test.MKAdminPagesLoggedInProd@52df888a]" name="tearDown" is-config="true" duration-ms="27740" started-at="2014-06-20T13:56:02Z" finished-at="2014-06-20T13:56:30Z">
          <reporter-output>
          </reporter-output>
        </test-method> <!-- tearDown -->
        <test-method status="PASS" signature="setUp()[pri:0, instance:com.example.test.MKAdminPagesLoggedInProd@52df888a]" name="setUp" is-config="true" duration-ms="12839" started-at="2014-06-20T13:56:30Z" finished-at="2014-06-20T13:56:43Z">
          <reporter-output>
          </reporter-output>
        </test-method> <!-- setUp -->
        <test-method status="PASS" signature="testMKAdminUsersPage()[pri:0, instance:com.example.test.MKAdminPagesLoggedInProd@52df888a]" name="testMKAdminUsersPage" duration-ms="102708" started-at="2014-06-20T13:56:43Z" finished-at="2014-06-20T13:58:26Z">
          <reporter-output>
          </reporter-output>
        </test-method> <!-- testMKAdminUsersPage -->
        <test-method status="PASS" signature="tearDown()[pri:0, instance:com.example.test.MKAdminPagesLoggedInProd@52df888a]" name="tearDown" is-config="true" duration-ms="27893" started-at="2014-06-20T13:58:26Z" finished-at="2014-06-20T13:58:54Z">
          <reporter-output>
          </reporter-output>
        </test-method> <!-- tearDown -->
        <test-method status="PASS" signature="setUp()[pri:0, instance:com.example.test.MKAdminPagesLoggedInProd@52df888a]" name="setUp" is-config="true" duration-ms="12558" started-at="2014-06-20T13:58:54Z" finished-at="2014-06-20T13:59:06Z">
          <reporter-output>
          </reporter-output>
        </test-method> <!-- setUp -->
        <test-method status="PASS" signature="testMKAdminWarnedKitsPage()[pri:0, instance:com.example.test.MKAdminPagesLoggedInProd@52df888a]" name="testMKAdminWarnedKitsPage" duration-ms="85739" started-at="2014-06-20T13:59:06Z" finished-at="2014-06-20T14:00:32Z">
          <reporter-output>
          </reporter-output>
        </test-method> <!-- testMKAdminWarnedKitsPage -->
        <test-method status="PASS" signature="tearDown()[pri:0, instance:com.example.test.MKAdminPagesLoggedInProd@52df888a]" name="tearDown" is-config="true" duration-ms="28573" started-at="2014-06-20T14:00:32Z" finished-at="2014-06-20T14:01:00Z">
          <reporter-output>
          </reporter-output>
        </test-method> <!-- tearDown -->
      </class> <!-- com.example.test.MKAdminPagesLoggedInProd -->
    </test> <!-- Default test -->
  </suite> <!-- Default suite -->
</testng-results>
